- Installing CocoaPods...
✔ Installed CocoaPods
› Using --device 6F568B0A-9CA2-463A-A45F-2326999A7014
› Planning build
› Executing react-native Pods/hermes-engine » [CP-User] [Hermes] Replace Hermes for the right configuration, if needed
› Executing react-native Pods/ReactNativeDependencies » [CP-User] [RNDeps] Replace React Native Dependencies for the right configuration, if needed
› Preparing Pods/RNCAsyncStorage-RNCAsyncStorage_resources » ResourceBundle-RNCAsyncStorage_resources-RNCAsyncStorage-Info.plist
› Copying   RNCAsyncStorage/RNCAsyncStorage_resources.bundle/PrivacyInfo.xcprivacy ➜ node_modules/@react-native-async-storage/async-storage/ios/PrivacyInfo.xcprivacy
› Copying   React-cxxreact/React-cxxreact_privacy.bundle/PrivacyInfo.xcprivacy ➜ node_modules/react-native/ReactCommon/cxxreact/PrivacyInfo.xcprivacy
› Preparing Pods/React-cxxreact-React-cxxreact_privacy » ResourceBundle-React-cxxreact_privacy-React-cxxreact-Info.plist
› Copying   React-Core/React-Core_privacy.bundle/PrivacyInfo.xcprivacy ➜ node_modules/react-native/React/Resources/PrivacyInfo.xcprivacy
› Preparing Pods/React-Core-React-Core_privacy » ResourceBundle-React-Core_privacy-React-Core-Info.plist
› Preparing Pods/ExpoFileSystem-ExpoFileSystem_privacy » ResourceBundle-ExpoFileSystem_privacy-ExpoFileSystem-Info.plist
› Copying   ExpoFileSystem/ExpoFileSystem_privacy.bundle/PrivacyInfo.xcprivacy ➜ node_modules/expo/node_modules/expo-file-system/ios/PrivacyInfo.xcprivacy
› Preparing Pods/ExpoLocalization-ExpoLocalization_privacy » ResourceBundle-ExpoLocalization_privacy-ExpoLocalization-Info.plist
› Copying   ExpoLocalization/ExpoLocalization_privacy.bundle/PrivacyInfo.xcprivacy ➜ node_modules/expo-localization/ios/PrivacyInfo.xcprivacy
› Preparing Pods/EXConstants-ExpoConstants_privacy » ResourceBundle-ExpoConstants_privacy-EXConstants-Info.plist
› Copying   EXConstants/ExpoConstants_privacy.bundle/PrivacyInfo.xcprivacy ➜ node_modules/expo/node_modules/expo-constants/ios/PrivacyInfo.xcprivacy
› Preparing expo-constants Pods/EXConstants-EXConstants » ResourceBundle-EXConstants-EXConstants-Info.plist
› Executing react-native Pods/hermes-engine » [CP] Copy XCFrameworks
› Executing react-native Pods/ReactNativeDependencies » [CP] Copy XCFrameworks
› Creating  Pods/ExpoLocalization-ExpoLocalization_privacy » ExpoLocalization_privacy.bundle
› Creating  Pods/EXConstants-ExpoConstants_privacy » ExpoConstants_privacy.bundle
› Creating  Pods/RNCAsyncStorage-RNCAsyncStorage_resources » RNCAsyncStorage_resources.bundle
› Creating  Pods/ExpoFileSystem-ExpoFileSystem_privacy » ExpoFileSystem_privacy.bundle
› Creating  Pods/React-Core-React-Core_privacy » React-Core_privacy.bundle
› Creating  Pods/React-cxxreact-React-cxxreact_privacy » React-cxxreact_privacy.bundle
› Creating  expo-constants Pods/EXConstants-EXConstants » EXConstants.bundle
› Executing react-native Pods/React-Core-prebuilt » [CP-User] [RNDeps] Replace React Native Core for the right configuration, if needed
› Executing react-native Pods/React-Core-prebuilt » [CP] Copy XCFrameworks
› Executing react-native Pods/React-RCTFBReactNativeSpec » [CP-User] [RN]Check FBReactNativeSpec
› Executing cyber-tap Pods/ReactCodegen » [CP-User] Generate Specs
› Compiling cyber-tap Pods/ReactCodegen » States.cpp
› Compiling cyber-tap Pods/ReactCodegen » States.cpp
› Compiling cyber-tap Pods/ReactCodegen » States.cpp
› Compiling cyber-tap Pods/ReactCodegen » States.cpp
› Compiling cyber-tap Pods/ReactCodegen » ShadowNodes.cpp
› Compiling cyber-tap Pods/ReactCodegen » ShadowNodes.cpp
› Compiling cyber-tap Pods/ReactCodegen » safeareacontextJSI-generated.cpp
› Compiling cyber-tap Pods/ReactCodegen » safeareacontext-generated.mm
› Compiling cyber-tap Pods/ReactCodegen » rnscreensJSI-generated.cpp
› Compiling cyber-tap Pods/ReactCodegen » rnscreens-generated.mm
› Compiling cyber-tap Pods/ReactCodegen » rngesturehandler_codegenJSI-generated.cpp
› Compiling cyber-tap Pods/ReactCodegen » rngesturehandler_codegen-generated.mm
› Compiling cyber-tap Pods/ReactCodegen » rnasyncstorageJSI-generated.cpp
› Compiling cyber-tap Pods/ReactCodegen » rnasyncstorage-generated.mm
› Compiling cyber-tap Pods/ReactCodegen » ShadowNodes.cpp
› Compiling cyber-tap Pods/ReactCodegen » ShadowNodes.cpp
› Compiling cyber-tap Pods/ReactCodegen » RCTUnstableModulesRequiringMainQueueSetupProvider.mm
› Compiling cyber-tap Pods/ReactCodegen » RCTThirdPartyComponentsProvider.mm
› Compiling cyber-tap Pods/ReactCodegen » RCTModulesConformingToProtocolsProvider.mm
› Compiling cyber-tap Pods/ReactCodegen » RCTModuleProviders.mm
› Compiling cyber-tap Pods/ReactCodegen » Props.cpp
› Compiling cyber-tap Pods/ReactCodegen » Props.cpp
› Compiling cyber-tap Pods/ReactCodegen » Props.cpp
› Compiling cyber-tap Pods/ReactCodegen » Props.cpp
› Compiling cyber-tap Pods/ReactCodegen » EventEmitters.cpp
› Compiling cyber-tap Pods/ReactCodegen » EventEmitters.cpp
› Compiling cyber-tap Pods/ReactCodegen » EventEmitters.cpp
› Compiling cyber-tap Pods/ReactCodegen » EventEmitters.cpp
› Compiling cyber-tap Pods/ReactCodegen » ComponentDescriptors.cpp
› Compiling cyber-tap Pods/ReactCodegen » ComponentDescriptors.cpp
› Compiling cyber-tap Pods/ReactCodegen » ComponentDescriptors.cpp
› Compiling cyber-tap Pods/ReactCodegen » ComponentDescriptors.cpp
› Compiling @react-native-community/slider Pods/react-native-slider » RNCSliderShadowNode.cpp
› Compiling @react-native-community/slider Pods/react-native-slider » RNCSliderMeasurementsManager.cpp
› Compiling @react-native-community/slider Pods/react-native-slider » RNCSliderComponentView.mm
› Compiling react-native-safe-area-context Pods/react-native-safe-area-context » RNCSafeAreaViewState.cpp
› Compiling react-native-safe-area-context Pods/react-native-safe-area-context » RNCSafeAreaViewShadowNode.cpp
› Compiling react-native-safe-area-context Pods/react-native-safe-area-context » RNCSafeAreaViewComponentView.mm
› Compiling react-native-safe-area-context Pods/react-native-safe-area-context » RNCSafeAreaProviderComponentView.mm
› Compiling react-native-safe-area-context Pods/react-native-safe-area-context » RNCSafeAreaContext.mm
› Compiling @react-native-community/slider Pods/react-native-slider » react-native-slider-dummy.m
› Compiling cyber-tap Pods/ReactCodegen » ReactCodegen-dummy.m
› Packaging cyber-tap Pods/ReactCodegen » libReactCodegen.a
› Compiling react-native-safe-area-context Pods/react-native-safe-area-context » react-native-safe-area-context-dummy.m
› Compiling cyber-tap Pods/ReactAppDependencyProvider » RCTAppDependencyProvider.mm
› Compiling react-native-screens Pods/RNScreens » UIWindow+RNScreens.mm
› Compiling react-native-screens Pods/RNScreens » UIViewController+RNScreens.mm
› Compiling react-native-screens Pods/RNScreens » UIView+RNSUtility.mm
› Compiling react-native-screens Pods/RNScreens » UIScrollView+RNScreens.mm
› Compiling cyber-tap Pods/ReactAppDependencyProvider » ReactAppDependencyProvider-dummy.m
› Compiling react-native-screens Pods/RNScreens » UINavigationBar+RNSUtility.mm
› Compiling react-native-screens Pods/RNScreens » RNScreensTurboModule.cpp
› Compiling react-native-screens Pods/RNScreens » RNSViewControllerInvalidator.mm
› Compiling react-native-screens Pods/RNScreens » RNSTabsScreenViewController.mm
› Compiling react-native-screens Pods/RNScreens » RNSTabBarControllerDelegate.mm
› Compiling react-native-screens Pods/RNScreens » RNSTabBarController.mm
› Compiling react-native-screens Pods/RNScreens » RNSTabBarAppearanceCoordinator.mm
› Compiling react-native-screens Pods/RNScreens » RNSSplitViewScreenShadowNode.cpp
› Compiling react-native-screens Pods/RNScreens » RNSSearchBar.mm
› Compiling react-native-screens Pods/RNScreens » RNSScrollViewHelper.mm
› Compiling react-native-screens Pods/RNScreens » RNSScrollViewFinder.mm
› Compiling react-native-screens Pods/RNScreens » RNSScreenWindowTraits.mm
› Compiling react-native-screens Pods/RNScreens » RNSScreenViewEvent.mm
› Compiling react-native-screens Pods/RNScreens » RNSScreenState.cpp
› Compiling react-native-screens Pods/RNScreens » RNSScreenStackHeaderSubviewState.cpp
› Compiling react-native-screens Pods/RNScreens » RNSScreenStackHeaderSubviewShadowNode.cpp
› Compiling react-native-screens Pods/RNScreens » RNSScreenStackHeaderSubview.mm
› Compiling react-native-screens Pods/RNScreens » RNSScreenStackHeaderConfigState.cpp
› Compiling react-native-screens Pods/RNScreens » RNSScreenStackHeaderConfigShadowNode.cpp
› Compiling react-native-screens Pods/RNScreens » RNSScreenStackHeaderConfig.mm
› Compiling react-native-screens Pods/RNScreens » RNSScreenStackAnimator.mm
› Compiling react-native-screens Pods/RNScreens » RNSScreenStack.mm
› Compiling react-native-screens Pods/RNScreens » RNSScreenShadowNode.cpp
› Compiling react-native-screens Pods/RNScreens » RNSScreenRemovalListener.cpp
› Compiling react-native-screens Pods/RNScreens » RNSScreenNavigationContainer.mm
› Compiling react-native-screens Pods/RNScreens » RNSScreenFooter.mm
› Compiling react-native-screens Pods/RNScreens » RNSScreenContentWrapper.mm
› Compiling react-native-screens Pods/RNScreens » RNSScreenContainer.mm
› Compiling react-native-screens Pods/RNScreens » RNSScreen.mm
› Compiling react-native-screens Pods/RNScreens » RNSReactBaseView.mm
› Compiling react-native-screens Pods/RNScreens » RNSPercentDrivenInteractiveTransition.mm
› Compiling react-native-screens Pods/RNScreens » RNSModule.mm
› Compiling react-native-screens Pods/RNScreens » RNSModalScreenShadowNode.cpp
› Compiling react-native-screens Pods/RNScreens » RNSModalScreen.mm
› Compiling react-native-screens Pods/RNScreens » RNSInvalidatedComponentsRegistry.mm
› Compiling react-native-screens Pods/RNScreens » RNSHeaderHeightChangeEvent.mm
› Compiling react-native-screens Pods/RNScreens » RNSGammaStubs.mm
› Compiling react-native-screens Pods/RNScreens » RNSFullWindowOverlayShadowNode.cpp
› Compiling react-native-screens Pods/RNScreens » RNSFullWindowOverlay.mm
› Compiling react-native-screens Pods/RNScreens » RNSConvert.mm
› Compiling react-native-screens Pods/RNScreens » RNSConversions.mm
› Compiling react-native-screens Pods/RNScreens » RNSConversions-SplitView.mm
› Compiling react-native-screens Pods/RNScreens » RNSConversions-Fabric.mm
› Compiling react-native-screens Pods/RNScreens » RNSConversions-BottomTabs.mm
› Compiling react-native-screens Pods/RNScreens » RNSBottomTabsState.cpp
› Compiling react-native-screens Pods/RNScreens » RNSBottomTabsShadowNode.cpp
› Compiling react-native-screens Pods/RNScreens » RNSBottomTabsScreenEventEmitter.mm
› Compiling react-native-screens Pods/RNScreens » RNSBottomTabsScreenComponentViewManager.mm
› Compiling react-native-screens Pods/RNScreens » RNSBottomTabsScreenComponentView.mm
› Compiling react-native-screens Pods/RNScreens » RNSBottomTabsHostEventEmitter.mm
› Compiling react-native-screens Pods/RNScreens » RNSBottomTabsHostComponentViewManager.mm
› Compiling react-native-screens Pods/RNScreens » RNSBottomTabsHostComponentView.mm
› Compiling react-native-screens Pods/RNScreens » RNSBottomTabsHostComponentView+RNSImageLoader.mm
› Compiling react-native-screens Pods/RNScreens » RNSBackBarButtonItem.mm
› Compiling react-native-screens Pods/RNScreens » RCTTouchHandler+RNSUtility.mm
› Compiling react-native-screens Pods/RNScreens » RCTSurfaceTouchHandler+RNSUtility.mm
› Compiling react-native-screens Pods/RNScreens » RCTImageComponentView+RNSScreenStackHeaderConfig.mm
› Compiling react-native-screens Pods/RNScreens » RCTConvert+RNScreens.mm
› Compiling react-native-screens Pods/RNScreens » RCTConvert+RNSBottomTabs.mm
› Compiling react-native-screens Pods/RNScreens » NSString+RNSUtility.mm
› Compiling react-native-gesture-handler Pods/RNGestureHandler » RNNativeViewHandler.mm
› Compiling react-native-gesture-handler Pods/RNGestureHandler » RNGestureHandlerRootViewComponentView.mm
› Compiling react-native-gesture-handler Pods/RNGestureHandler » RNGestureHandlerModule.mm
› Compiling react-native-gesture-handler Pods/RNGestureHandler » RNGestureHandlerManager.mm
› Compiling react-native-gesture-handler Pods/RNGestureHandler » RNGestureHandlerButtonManager.mm
› Compiling react-native-gesture-handler Pods/RNGestureHandler » RNGestureHandlerButtonComponentView.mm
› Compiling react-native-screens Pods/RNScreens » RNScreens-dummy.m
› Compiling react-native-gesture-handler Pods/RNGestureHandler » RNGestureHandlerButton.mm
› Compiling react-native-gesture-handler Pods/RNGestureHandler » RNGestureHandler.mm
› Packaging cyber-tap Pods/ReactAppDependencyProvider » libReactAppDependencyProvider.a
› Packaging react-native-screens Pods/RNScreens » libRNScreens.a
› Compiling @react-native-community/slider Pods/react-native-slider » RNCSlider.m
› Compiling react-native-safe-area-context Pods/react-native-safe-area-context » RNCSafeAreaViewMode.m
› Packaging @react-native-community/slider Pods/react-native-slider » libreact-native-slider.a
› Compiling react-native-safe-area-context Pods/react-native-safe-area-context » RNCSafeAreaViewManager.m
› Compiling react-native-safe-area-context Pods/react-native-safe-area-context » RNCSafeAreaViewLocalData.m
› Compiling react-native-safe-area-context Pods/react-native-safe-area-context » RNCSafeAreaViewEdges.m
› Compiling react-native-safe-area-context Pods/react-native-safe-area-context » RNCSafeAreaViewEdgeMode.m
› Compiling react-native-safe-area-context Pods/react-native-safe-area-context » RNCSafeAreaView.m
› Compiling react-native-safe-area-context Pods/react-native-safe-area-context » RNCSafeAreaUtils.m
› Compiling react-native-safe-area-context Pods/react-native-safe-area-context » RNCSafeAreaShadowView.m
› Compiling react-native-safe-area-context Pods/react-native-safe-area-context » RNCSafeAreaProviderManager.m
› Compiling react-native-safe-area-context Pods/react-native-safe-area-context » RNCSafeAreaProvider.m
› Compiling react-native-safe-area-context Pods/react-native-safe-area-context » RNCOnInsetsChangeEvent.m
› Packaging react-native-safe-area-context Pods/react-native-safe-area-context » libreact-native-safe-area-context.a
› Compiling @react-native-async-storage/async-storage Pods/RNCAsyncStorage » RNCAsyncStorage.mm
› Compiling @react-native-async-storage/async-storage Pods/RNCAsyncStorage » RNCAsyncStorage-dummy.m
› Compiling react-native-gesture-handler Pods/RNGestureHandler » RNRotationHandler.m
› Compiling react-native-gesture-handler Pods/RNGestureHandler » RNTapHandler.m
› Compiling react-native-gesture-handler Pods/RNGestureHandler » RNRootViewGestureRecognizer.m
› Compiling react-native-gesture-handler Pods/RNGestureHandler » RNPinchHandler.m
› Compiling react-native-gesture-handler Pods/RNGestureHandler » RNPanHandler.m
› Compiling react-native-gesture-handler Pods/RNGestureHandler » RNManualHandler.m
› Compiling react-native-gesture-handler Pods/RNGestureHandler » RNManualActivationRecognizer.m
› Compiling react-native-gesture-handler Pods/RNGestureHandler » RNLongPressHandler.m
› Compiling react-native-gesture-handler Pods/RNGestureHandler » RNHoverHandler.m
› Compiling react-native-gesture-handler Pods/RNGestureHandler » RNGestureHandlerRegistry.m
› Compiling react-native-gesture-handler Pods/RNGestureHandler » RNGestureHandlerPointerTracker.m
› Compiling react-native-gesture-handler Pods/RNGestureHandler » RNGestureHandlerEvents.m
› Compiling react-native-gesture-handler Pods/RNGestureHandler » RNGHVector.m
› Compiling react-native-gesture-handler Pods/RNGestureHandler » RNGHStylusData.m
› Compiling react-native-gesture-handler Pods/RNGestureHandler » RNForceTouchHandler.m
› Compiling react-native-gesture-handler Pods/RNGestureHandler » RNFlingHandler.m
› Packaging @react-native-async-storage/async-storage Pods/RNCAsyncStorage » libRNCAsyncStorage.a
› Compiling react-native-gesture-handler Pods/RNGestureHandler » RNGestureHandler-dummy.m
› Packaging react-native-gesture-handler Pods/RNGestureHandler » libRNGestureHandler.a
› Compiling expo-modules-core Pods/ExpoModulesCore » TypedArray.cpp
› Compiling expo-modules-core Pods/ExpoModulesCore » SwiftUIVirtualViewObjC.mm
› Compiling expo-modules-core Pods/ExpoModulesCore » SharedRef.cpp
› Compiling expo-modules-core Pods/ExpoModulesCore » SharedObject.cpp
› Compiling expo-modules-core Pods/ExpoModulesCore » ObjectDeallocator.cpp
› Compiling expo-modules-core Pods/ExpoModulesCore » NativeModule.cpp
› Compiling expo-modules-core Pods/ExpoModulesCore » MainThreadInvoker.mm
› Compiling expo-modules-core Pods/ExpoModulesCore » LazyObject.cpp
› Compiling expo-modules-core Pods/ExpoModulesCore » JSIUtils.cpp
› Compiling expo-modules-core Pods/ExpoModulesCore » ExpoViewShadowNode.cpp
› Compiling expo-modules-core Pods/ExpoModulesCore » ExpoViewProps.cpp
› Compiling expo-modules-core Pods/ExpoModulesCore » ExpoViewEventEmitter.cpp
› Compiling expo-modules-core Pods/ExpoModulesCore » ExpoViewComponentDescriptor.cpp
› Compiling expo-modules-core Pods/ExpoModulesCore » ExpoModulesHostObject.mm
› Compiling expo-modules-core Pods/ExpoModulesCore » ExpoFabricViewObjC.mm
› Compiling expo-modules-core Pods/ExpoModulesCore » ExpoBridgeModule.mm
› Compiling expo-modules-core Pods/ExpoModulesCore » EventEmitter.cpp
› Compiling expo-modules-core Pods/ExpoModulesCore » EXStringUtils.cpp
› Compiling expo-modules-core Pods/ExpoModulesCore » EXSharedObjectUtils.mm
› Compiling expo-modules-core Pods/ExpoModulesCore » EXReactNativeAdapter.mm
› Compiling expo-modules-core Pods/ExpoModulesCore » EXReactDelegateWrapper.mm
› Compiling expo-modules-core Pods/ExpoModulesCore » EXRawJavaScriptFunction.mm
› Compiling expo-modules-core Pods/ExpoModulesCore » EXNativeModulesProxy.mm
› Compiling expo-modules-core Pods/ExpoModulesCore » EXJavaScriptWeakObject.mm
› Compiling expo-modules-core Pods/ExpoModulesCore » EXJavaScriptValue.mm
› Compiling expo-modules-core Pods/ExpoModulesCore » EXJavaScriptTypedArray.mm
› Compiling expo-modules-core Pods/ExpoModulesCore » EXJavaScriptSharedObjectBinding.mm
› Compiling expo-modules-core Pods/ExpoModulesCore » EXJavaScriptRuntime.mm
› Compiling expo-modules-core Pods/ExpoModulesCore » EXJavaScriptObject.mm
› Compiling expo-modules-core Pods/ExpoModulesCore » EXJSIUtils.mm
› Compiling expo-modules-core Pods/ExpoModulesCore » EXJSIInstaller.mm
› Compiling expo-modules-core Pods/ExpoModulesCore » EXJSIConversions.mm
› Compiling expo-modules-core Pods/ExpoModulesCore » RCTComponentData+Privates.m
› Compiling expo-modules-core Pods/ExpoModulesCore » EXSingletonModule.m
› Compiling expo-modules-core Pods/ExpoModulesCore » EXUtilities.m
› Compiling expo-modules-core Pods/ExpoModulesCore » EXReactLogHandler.m
› Compiling expo-modules-core Pods/ExpoModulesCore » EXReactNativeUserNotificationCenterProxy.m
› Compiling expo-modules-core Pods/ExpoModulesCore » EXPermissionsService.m
› Compiling expo-modules-core Pods/ExpoModulesCore » EXPermissionsMethodsDelegate.m
› Compiling expo-modules-core Pods/ExpoModulesCore » ExpoModulesCore-dummy.m
› Compiling expo-modules-core Pods/ExpoModulesCore » EXModuleRegistryHolderReactModule.m
› Compiling expo-modules-core Pods/ExpoModulesCore » EXModuleRegistryAdapter.m
› Compiling expo-modules-core Pods/ExpoModulesCore » EXLogManager.m
› Compiling expo-modules-core Pods/ExpoModulesCore » EXExportedModule.m
› Compiling expo-modules-core Pods/ExpoModulesCore » EXAppDefines.m
› Compiling expo-modules-core Pods/ExpoModulesCore » CoreModuleHelper.m
› Compiling expo-modules-core Pods/ExpoModulesCore » EXModuleRegistryProvider.m
› Compiling expo-modules-core Pods/ExpoModulesCore » EXReactNativeEventEmitter.m
› Compiling expo-modules-core Pods/ExpoModulesCore » EXModuleRegistry.m
› Packaging expo-modules-core Pods/ExpoModulesCore » libExpoModulesCore.a
› Executing expo-modules-core Pods/ExpoModulesCore » Copy generated compatibility header
› Executing expo-constants Pods/EXConstants » [CP-User] Generate app.config for prebuilt Constants.manifest
› Compiling expo Pods/Expo » EXReactRootViewFactory.mm
› Compiling expo Pods/Expo » EXAppDelegateWrapper.mm
› Compiling expo-localization Pods/ExpoLocalization » ExpoLocalization-dummy.m
› Compiling expo-av Pods/EXAV » EXAudioSampleCallback.mm
› Compiling expo-av Pods/EXAV » EXAV+AudioSampleCallback.mm
› Compiling expo-av Pods/EXAV » CallbackWrapper.mm
› Packaging expo-localization Pods/ExpoLocalization » libExpoLocalization.a
› Compiling expo-av Pods/EXAV » AudioSampleCallbackWrapper.mm
› Compiling expo-keep-awake Pods/ExpoKeepAwake » ExpoKeepAwake-dummy.m
› Packaging expo-keep-awake Pods/ExpoKeepAwake » libExpoKeepAwake.a
› Compiling expo-haptics Pods/ExpoHaptics » ExpoHaptics-dummy.m
› Packaging expo-haptics Pods/ExpoHaptics » libExpoHaptics.a
› Compiling expo-font Pods/ExpoFont » ExpoFont-dummy.m
› Compiling expo-file-system Pods/ExpoFileSystem » ExpoFileSystem-dummy.m
› Packaging expo-font Pods/ExpoFont » libExpoFont.a
› Compiling expo Pods/ExpoFileSystem » NSData+EXFileSystem.m
› Compiling expo Pods/ExpoFileSystem » EXTaskHandlersManager.m
› Compiling expo Pods/ExpoFileSystem » EXSessionUploadTaskDelegate.m
› Compiling expo Pods/ExpoFileSystem » EXSessionTaskDispatcher.m
› Compiling expo Pods/ExpoFileSystem » EXSessionTaskDelegate.m
› Compiling expo Pods/ExpoFileSystem » EXSessionResumableDownloadTaskDelegate.m
› Compiling expo Pods/ExpoFileSystem » EXSessionHandler.m
› Compiling expo Pods/ExpoFileSystem » EXSessionDownloadTaskDelegate.m
› Compiling expo Pods/ExpoFileSystem » EXSessionCancelableUploadTaskDelegate.m
› Compiling expo-asset Pods/ExpoAsset » ExpoAsset-dummy.m
› Packaging expo-asset Pods/ExpoAsset » libExpoAsset.a
› Compiling expo Pods/Expo » Expo-dummy.m
› Compiling expo Pods/ExpoFileSystem » EXFileSystemLocalFileHandler.m
› Compiling expo Pods/ExpoFileSystem » EXFileSystemAssetLibraryHandler.m
› Packaging expo-file-system Pods/ExpoFileSystem » libExpoFileSystem.a
› Compiling expo-av Pods/EXAV » EXVideoView.m
› Compiling expo-av Pods/EXAV » EXVideoPlayerViewController.m
› Compiling expo-av Pods/EXAV » EXAudioSessionManager.m
› Compiling expo-av Pods/EXAV » EXAudioRecordingPermissionRequester.m
› Compiling expo-av Pods/EXAV » EXAVPlayerData.m
› Executing expo-localization Pods/ExpoLocalization » Copy generated compatibility header
› Executing expo-keep-awake Pods/ExpoKeepAwake » Copy generated compatibility header
› Executing expo-haptics Pods/ExpoHaptics » Copy generated compatibility header
› Executing expo-font Pods/ExpoFont » Copy generated compatibility header
› Compiling expo-av Pods/EXAV » EXAV.m
› Compiling expo-av Pods/EXAV » EXAV-dummy.m
› Executing expo-file-system Pods/ExpoFileSystem » Copy generated compatibility header
› Executing expo-asset Pods/ExpoAsset » Copy generated compatibility header
› Packaging expo-av Pods/EXAV » libEXAV.a
› Executing expo-av Pods/EXAV » Copy generated compatibility header
› Compiling expo-constants Pods/EXConstants » EXConstants-dummy.m
› Compiling expo Pods/EXConstants » EXConstantsInstallationIdProvider.m
› Compiling expo Pods/EXConstants » EXConstantsService.m
› Compiling expo Pods/Expo » EXLegacyAppDelegateWrapper.m
› Packaging expo-constants Pods/EXConstants » libEXConstants.a
› Executing expo-constants Pods/EXConstants » Copy generated compatibility header
› Compiling expo Pods/Expo » EXAppDelegatesLoader.m
› Compiling expo Pods/Expo » EXAppDefinesLoader.m
› Packaging expo Pods/Expo » libExpo.a
› Executing expo Pods/Expo » Copy generated compatibility header
› Compiling Pods/Pods-cybertap » Pods-cybertap-dummy.m
› Packaging Pods/Pods-cybertap » libPods-cybertap.a
› Executing cybertap » [CP] Check Pods Manifest.lock
› Executing cybertap » [Expo] Configure project
› Linking   cybertap » __preview.dylib
› Copying   ./PrivacyInfo.xcprivacy ➜ ios/cybertap/PrivacyInfo.xcprivacy
› Compiling cybertap » SplashScreen.storyboard
› Copying   ios/cybertap/Supporting/Expo.plist ➜ ./Expo.plist
› Compiling cybertap » cybertap_vers.c
› Linking   cybertap » cybertap.debug.dylib
› Preparing cybertap » Info.plist
› Generating debug cybertap » cybertap.app.dSYM
› Linking   cybertap » cybertap
› Generating debug cybertap » cybertap.app.dSYM
› Executing cybertap » Bundle React Native code and images
› Executing cybertap » [CP] Copy Pods Resources
› Executing cybertap » [CP] Embed Pods Frameworks
› Signing   cybertap » cybertap.debug.dylib
› Signing   cybertap » __preview.dylib
› Signing   cybertap » cybertap.app
› Creating  cybertap » cybertap.app
› Build Succeeded

› 0 error(s), and 0 warning(s)

Starting Metro Bundler
Waiting on http://localhost:8081
› Installing /Users/jenkins3/Library/Developer/Xcode/DerivedData/cybertap-efqdjtgaicvivxckfwtoyqgxsvov/Build/Products/Debug-iphonesimulator/cybertap.app
› Installing on iPhone 16
› Opening on iPhone 16 (com.anonymous.cyber-tap)
› Opening com.anonymous.cyber-tap://expo-development-client/?url=http%3A%2F%2F192.168.31.211%3A8081 on iPhone 16

› Logs for your project will appear below.
iOS ./index.ts ░░░░░░░░░░░░░░░░  0.0% (0/1)
iOS ./index.ts ▓▓▓▓▓▓░░░░░░░░░░ 41.8% (266/418)
iOS ./index.ts ▓▓▓▓▓▓▓▓▓▓▓▓▓░░░ 85.3% (855/926)
iOS Bundled 9211ms index.ts (1184 modules)
[CoreFoundation] AddInstanceForFactory: No factory registered for id <CFUUID
0x600000216760> F8BB1C28-BAE8-11D6-9C31-00039315CD46
 WARN  react-i18next:: useTranslation: You will need to pass in an i18next instance by using initReactI18next {"code": "NO_I18NEXT_INSTANCE"}
 WARN  SafeAreaView has been deprecated and will be removed in a future release. Please use 'react-native-safe-area-context' instead. See https://github.com/th3rdwave/react-native-safe-area-context
